<?xml version="1.0" encoding="UTF-8"?>
<!-- Generated by org.testng.reporters.JUnitReportReporter -->
<testsuite hostname="Yogesh-PC" name="datadriven.MyDataDrivenScript1" tests="3" failures="0" timestamp="22 Sep 2019 04:39:12 GMT" time="0.016" errors="0">
  <testcase name="loginToFacebook" time="0.016" classname="datadriven.MyDataDrivenScript1"/>
  <testcase name="loginToFacebook" time="0.000" classname="datadriven.MyDataDrivenScript1"/>
  <testcase name="loginToFacebook" time="0.000" classname="datadriven.MyDataDrivenScript1"/>
</testsuite> <!-- datadriven.MyDataDrivenScript1 -->
