<?xml version="1.0" encoding="UTF-8"?>
<!-- Generated by org.testng.reporters.JUnitReportReporter -->
<testsuite hostname="Yogesh-PC" name="TestNG.VerifypageTitle" tests="1" failures="0" timestamp="19 Nov 2019 13:12:06 GMT" time="31.407" errors="0">
  <testcase name="verifyTitle" time="31.407" classname="TestNG.VerifypageTitle"/>
</testsuite> <!-- TestNG.VerifypageTitle -->
