<?xml version="1.0" encoding="UTF-8"?>
<!-- Generated by org.testng.reporters.JUnitReportReporter -->
<testsuite hostname="Yogesh-PC" name="dropdown.SelectFacebookdropdown3" tests="1" failures="0" timestamp="22 Nov 2019 11:42:26 GMT" time="10.648" errors="0">
  <testcase name="selectDDvalues" time="10.648" classname="dropdown.SelectFacebookdropdown3"/>
</testsuite> <!-- dropdown.SelectFacebookdropdown3 -->
