<?xml version="1.0" encoding="UTF-8"?>
<!-- Generated by org.testng.reporters.JUnitReportReporter -->
<testsuite hostname="Yogesh-PC" name="Basic.MymultipleWindow" tests="1" failures="0" timestamp="29 Nov 2019 16:59:47 GMT" time="32.422" errors="0">
  <testcase name="test" time="32.422" classname="Basic.MymultipleWindow"/>
</testsuite> <!-- Basic.MymultipleWindow -->
