<?xml version="1.0" encoding="UTF-8"?>
<!-- Generated by org.testng.reporters.JUnitReportReporter -->
<testsuite hostname="Yogesh-PC" name="Waitsinselenium.ExpliciteWait2" tests="1" failures="0" timestamp="26 Nov 2019 12:21:02 GMT" time="10.574" errors="0">
  <testcase name="explicitewait" time="10.574" classname="Waitsinselenium.ExpliciteWait2"/>
</testsuite> <!-- Waitsinselenium.ExpliciteWait2 -->
