<?xml version="1.0" encoding="UTF-8"?>
<!-- Generated by org.testng.reporters.JUnitReportReporter -->
<testsuite hostname="Yogesh-PC" name="dropdown.myDropdown2" tests="1" failures="0" timestamp="24 Nov 2019 07:48:54 GMT" time="20.403" errors="0">
  <testcase name="multiselect" time="20.403" classname="dropdown.myDropdown2"/>
</testsuite> <!-- dropdown.myDropdown2 -->
