<?xml version="1.0" encoding="UTF-8"?>
<!-- Generated by org.testng.reporters.JUnitReportReporter -->
<testsuite hostname="Yogesh-PC" name="TestNGB9.TestNGenabledDisabled" tests="2" failures="0" timestamp="19 May 2019 04:51:48 GMT" time="0.014" errors="0">
  <testcase name="myTest3" time="0.000" classname="TestNGB9.TestNGenabledDisabled"/>
  <testcase name="myTest22" time="0.014" classname="TestNGB9.TestNGenabledDisabled"/>
</testsuite> <!-- TestNGB9.TestNGenabledDisabled -->
