<?xml version="1.0" encoding="UTF-8"?>
<!-- Generated by org.testng.reporters.JUnitReportReporter -->
<testsuite hostname="Yogesh-PC" name="TestNGB9.ParallelClassB" tests="2" failures="0" timestamp="25 May 2019 03:48:12 GMT" time="20.021" errors="0">
  <testcase name="myTest1" time="10.016" classname="TestNGB9.ParallelClassB"/>
  <testcase name="myTest2" time="10.005" classname="TestNGB9.ParallelClassB"/>
</testsuite> <!-- TestNGB9.ParallelClassB -->
