<?xml version="1.0" encoding="UTF-8"?>
<!-- Generated by org.testng.reporters.JUnitReportReporter -->
<testsuite hostname="Yogesh-PC" name="TestNG.firstscript" tests="3" failures="0" timestamp="19 Nov 2019 10:10:41 GMT" time="0.017" errors="0">
  <testcase name="selectitem" time="0.002" classname="TestNG.firstscript"/>
  <testcase name="login" time="0.012" classname="TestNG.firstscript"/>
  <testcase name="checkout" time="0.003" classname="TestNG.firstscript"/>
</testsuite> <!-- TestNG.firstscript -->
