<?xml version="1.0" encoding="UTF-8"?>
<!-- Generated by org.testng.reporters.JUnitReportReporter -->
<testsuite hostname="Yogesh-PC" name="TestNGB9.PriorityTest" tests="7" failures="0" timestamp="19 May 2019 04:39:59 GMT" time="0.023" errors="0">
  <testcase name="createG" time="0.001" classname="TestNGB9.PriorityTest"/>
  <testcase name="login1" time="0.016" classname="TestNGB9.PriorityTest"/>
  <testcase name="aaa" time="0.001" classname="TestNGB9.PriorityTest"/>
  <testcase name="bdeleteU" time="0.001" classname="TestNGB9.PriorityTest"/>
  <testcase name="login" time="0.002" classname="TestNGB9.PriorityTest"/>
  <testcase name="createU" time="0.001" classname="TestNGB9.PriorityTest"/>
  <testcase name="adeleteU" time="0.001" classname="TestNGB9.PriorityTest"/>
</testsuite> <!-- TestNGB9.PriorityTest -->
