<?xml version="1.0" encoding="UTF-8"?>
<!-- Generated by org.testng.reporters.JUnitReportReporter -->
<testsuite hostname="Yogesh-PC" name="TestNGB9.ParallelMethod" tests="5" failures="0" timestamp="25 May 2019 03:49:52 GMT" time="50.072" errors="0">
  <testcase name="myTest2" time="10.014" classname="TestNGB9.ParallelMethod"/>
  <testcase name="myTest3" time="10.014" classname="TestNGB9.ParallelMethod"/>
  <testcase name="myTest4" time="10.003" classname="TestNGB9.ParallelMethod"/>
  <testcase name="myTest1" time="10.039" classname="TestNGB9.ParallelMethod"/>
  <testcase name="myTest5" time="10.002" classname="TestNGB9.ParallelMethod"/>
</testsuite> <!-- TestNGB9.ParallelMethod -->
