<?xml version="1.0" encoding="UTF-8"?>
<!-- Generated by org.testng.reporters.JUnitReportReporter -->
<testsuite hostname="Yogesh-PC" name="readExcelData.ExcelTest" tests="1" failures="0" timestamp="2 Dec 2019 10:29:22 GMT" time="0.753" errors="0">
  <testcase name="FileTest" time="0.753" classname="readExcelData.ExcelTest"/>
</testsuite> <!-- readExcelData.ExcelTest -->
