<?xml version="1.0" encoding="UTF-8"?>
<!-- Generated by org.testng.reporters.JUnitReportReporter -->
<testsuite hostname="Yogesh-PC" name="dropdown.BootstrapDropDown3" tests="1" failures="0" timestamp="23 Nov 2019 12:43:28 GMT" time="12.122" errors="0">
  <testcase name="SelectAll" time="12.122" classname="dropdown.BootstrapDropDown3"/>
</testsuite> <!-- dropdown.BootstrapDropDown3 -->
