<?xml version="1.0" encoding="UTF-8"?>
<!-- Generated by org.testng.reporters.JUnitReportReporter -->
<testsuite hostname="Yogesh-PC" name="Basic.MyfirstseleniumscriptChrome" tests="1" failures="0" timestamp="19 May 2019 05:23:58 GMT" time="2.953" errors="0">
  <testcase name="myFirstScriptFF1" time="2.953" classname="Basic.MyfirstseleniumscriptChrome"/>
</testsuite> <!-- Basic.MyfirstseleniumscriptChrome -->
