<?xml version="1.0" encoding="UTF-8"?>
<!-- Generated by org.testng.reporters.JUnitReportReporter -->
<testsuite hostname="Yogesh-PC" name="radioAndcheckbox.RadioButtonandCheckbox" tests="1" failures="0" timestamp="24 Nov 2019 15:16:42 GMT" time="9.813" errors="0">
  <testcase name="radiocheckBox" time="9.813" classname="radioAndcheckbox.RadioButtonandCheckbox"/>
</testsuite> <!-- radioAndcheckbox.RadioButtonandCheckbox -->
