<?xml version="1.0" encoding="UTF-8"?>
<!-- Generated by org.testng.reporters.JUnitReportReporter -->
<testsuite hostname="Yogesh-PC" name="Basic.Myassignment" tests="1" failures="0" timestamp="19 May 2019 05:23:58 GMT" time="38.771" errors="0">
  <testcase name="test" time="38.771" classname="Basic.Myassignment"/>
</testsuite> <!-- Basic.Myassignment -->
