<?xml version="1.0" encoding="UTF-8"?>
<!-- Generated by org.testng.reporters.JUnitReportReporter -->
<testsuite hostname="Yogesh-PC" name="BrokenLink.brokenlink" tests="1" failures="0" timestamp="27 Nov 2019 09:47:16 GMT" time="23.210" errors="0">
  <testcase name="linktest" time="23.210" classname="BrokenLink.brokenlink"/>
</testsuite> <!-- BrokenLink.brokenlink -->
