<?xml version="1.0" encoding="UTF-8"?>
<!-- Generated by org.testng.reporters.JUnitReportReporter -->
<testsuite hostname="Yogesh-PC" name="TestNGB9.TestNGCompleteRun" tests="2" failures="0" timestamp="25 May 2019 04:17:16 GMT" time="0.009" errors="0">
  <testcase name="test2" time="0.001" classname="TestNGB9.TestNGCompleteRun"/>
  <testcase name="test1" time="0.008" classname="TestNGB9.TestNGCompleteRun"/>
</testsuite> <!-- TestNGB9.TestNGCompleteRun -->
