<?xml version="1.0" encoding="UTF-8"?>
<!-- Generated by org.testng.reporters.JUnitReportReporter -->
<testsuite hostname="Yogesh-PC" name="scrolling.ScrollDown" tests="1" failures="0" timestamp="27 Nov 2019 15:21:30 GMT" time="17.057" errors="0">
  <testcase name="down" time="17.057" classname="scrolling.ScrollDown"/>
</testsuite> <!-- scrolling.ScrollDown -->
