<?xml version="1.0" encoding="UTF-8"?>
<!-- Generated by org.testng.reporters.JUnitReportReporter -->
<testsuite hostname="Yogesh-PC" name="radioAndcheckbox.RadioButtonandCheckbox2" tests="1" failures="0" timestamp="24 Nov 2019 16:52:35 GMT" time="9.228" errors="0">
  <testcase name="radiocheckBox" time="9.228" classname="radioAndcheckbox.RadioButtonandCheckbox2"/>
</testsuite> <!-- radioAndcheckbox.RadioButtonandCheckbox2 -->
