<?xml version="1.0" encoding="UTF-8"?>
<!-- Generated by org.testng.reporters.JUnitReportReporter -->
<testsuite hostname="Yogesh-PC" name="dropdown.BootstrapDropDown4" tests="1" failures="0" timestamp="23 Nov 2019 12:50:22 GMT" time="15.615" errors="0">
  <testcase name="SelectSingle" time="15.615" classname="dropdown.BootstrapDropDown4"/>
</testsuite> <!-- dropdown.BootstrapDropDown4 -->
