<?xml version="1.0" encoding="UTF-8"?>
<!-- Generated by org.testng.reporters.JUnitReportReporter -->
<testsuite hostname="Yogesh-PC" name="dropdown.BootstrapDropDown" tests="1" failures="0" timestamp="23 Nov 2019 08:21:37 GMT" time="11.518" errors="0">
  <testcase name="selectDDvalues" time="11.518" classname="dropdown.BootstrapDropDown"/>
</testsuite> <!-- dropdown.BootstrapDropDown -->
