<?xml version="1.0" encoding="UTF-8"?>
<!-- Generated by org.testng.reporters.JUnitReportReporter -->
<testsuite hostname="Yogesh-PC" name="Basic.mySelectionList" tests="1" failures="0" timestamp="19 May 2019 05:24:00 GMT" time="74.675" errors="0">
  <testcase name="myselectionlist" time="74.675" classname="Basic.mySelectionList"/>
</testsuite> <!-- Basic.mySelectionList -->
