<?xml version="1.0" encoding="UTF-8"?>
<!-- Generated by org.testng.reporters.JUnitReportReporter -->
<testsuite hostname="Yogesh-PC" name="readExcelData.ReadExcelFile2" tests="1" failures="0" timestamp="2 Dec 2019 09:43:57 GMT" time="0.832" errors="0">
  <testcase name="Fileread" time="0.832" classname="readExcelData.ReadExcelFile2"/>
</testsuite> <!-- readExcelData.ReadExcelFile2 -->
