<?xml version="1.0" encoding="UTF-8"?>
<!-- Generated by org.testng.reporters.JUnitReportReporter -->
<testsuite hostname="Yogesh-PC" name="mousehover.Testhighlight" tests="1" failures="0" timestamp="28 Nov 2019 18:12:29 GMT" time="26.974" errors="0">
  <testcase name="test2" time="26.974" classname="mousehover.Testhighlight"/>
</testsuite> <!-- mousehover.Testhighlight -->
