<?xml version="1.0" encoding="UTF-8"?>
<!-- Generated by org.testng.reporters.JUnitReportReporter -->
<testsuite hostname="Yogesh-PC" name="Basic.myalertandConfirmation" tests="1" failures="0" timestamp="28 Nov 2019 21:08:18 GMT" time="19.113" errors="0">
  <testcase name="test" time="19.113" classname="Basic.myalertandConfirmation"/>
</testsuite> <!-- Basic.myalertandConfirmation -->
