<?xml version="1.0" encoding="UTF-8"?>
<!-- Generated by org.testng.reporters.JUnitReportReporter -->
<testsuite hostname="Yogesh-PC" name="Basic.MyimplicitWait" tests="1" failures="0" timestamp="26 Nov 2019 08:51:49 GMT" time="8.038" errors="0">
  <testcase name="test" time="8.038" classname="Basic.MyimplicitWait"/>
</testsuite> <!-- Basic.MyimplicitWait -->
