<?xml version="1.0" encoding="UTF-8"?>
<!-- Generated by org.testng.reporters.JUnitReportReporter -->
<testsuite hostname="Yogesh-PC" name="dataDrivenFramework.WordpressLogin" tests="3" failures="0" timestamp="2 Dec 2019 16:36:16 GMT" time="27.198" errors="0">
  <testcase name="login" time="8.154" classname="dataDrivenFramework.WordpressLogin"/>
  <testcase name="login" time="11.582" classname="dataDrivenFramework.WordpressLogin"/>
  <testcase name="login" time="7.462" classname="dataDrivenFramework.WordpressLogin"/>
</testsuite> <!-- dataDrivenFramework.WordpressLogin -->
