<?xml version="1.0" encoding="UTF-8"?>
<!-- Generated by org.testng.reporters.JUnitReportReporter -->
<testsuite hostname="Yogesh-PC" name="Basic.MyfirstseleniumscriptIE" tests="1" failures="0" timestamp="19 May 2019 05:24:00 GMT" time="8.389" errors="0">
  <testcase name="myFirstScriptFF1" time="8.389" classname="Basic.MyfirstseleniumscriptIE"/>
</testsuite> <!-- Basic.MyfirstseleniumscriptIE -->
