<?xml version="1.0" encoding="UTF-8"?>
<!-- Generated by org.testng.reporters.JUnitReportReporter -->
<testsuite hostname="Yogesh-PC" name="BrokenLink.Testlink" tests="1" failures="0" timestamp="27 Nov 2019 10:53:06 GMT" time="23.760" errors="0">
  <testcase name="link" time="23.760" classname="BrokenLink.Testlink"/>
</testsuite> <!-- BrokenLink.Testlink -->
