<?xml version="1.0" encoding="UTF-8"?>
<!-- Generated by org.testng.reporters.JUnitReportReporter -->
<testsuite hostname="Yogesh-PC" name="dropdown.SelectFacebookdropdown" tests="1" failures="0" timestamp="22 Nov 2019 10:14:52 GMT" time="32.325" errors="0">
  <testcase name="selectDDvalues" time="32.325" classname="dropdown.SelectFacebookdropdown"/>
</testsuite> <!-- dropdown.SelectFacebookdropdown -->
