<?xml version="1.0" encoding="UTF-8"?>
<!-- Generated by org.testng.reporters.JUnitReportReporter -->
<testsuite hostname="Yogesh-PC" name="screenshot.Capturescreenshot2" tests="1" failures="0" timestamp="25 Nov 2019 09:20:01 GMT" time="15.705" errors="0">
  <testcase name="screenshot" time="15.705" classname="screenshot.Capturescreenshot2"/>
</testsuite> <!-- screenshot.Capturescreenshot2 -->
