<?xml version="1.0" encoding="UTF-8"?>
<!-- Generated by org.testng.reporters.JUnitReportReporter -->
<testsuite hostname="Yogesh-PC" name="radioAndcheckbox.RadioButtonandCheckbox3" tests="1" failures="0" timestamp="24 Nov 2019 18:03:24 GMT" time="9.687" errors="0">
  <testcase name="radiocheckBox" time="9.687" classname="radioAndcheckbox.RadioButtonandCheckbox3"/>
</testsuite> <!-- radioAndcheckbox.RadioButtonandCheckbox3 -->
