<?xml version="1.0" encoding="UTF-8"?>
<!-- Generated by org.testng.reporters.JUnitReportReporter -->
<testsuite hostname="Yogesh-PC" name="dropdown.BootstrapDropDown5" tests="1" failures="0" timestamp="23 Nov 2019 12:58:52 GMT" time="11.992" errors="0">
  <testcase name="SelectAll" time="11.992" classname="dropdown.BootstrapDropDown5"/>
</testsuite> <!-- dropdown.BootstrapDropDown5 -->
