<?xml version="1.0" encoding="UTF-8"?>
<!-- Generated by org.testng.reporters.JUnitReportReporter -->
<testsuite hostname="Yogesh-PC" name="screenshot.Capturescreenshot" tests="1" failures="0" timestamp="25 Nov 2019 08:56:23 GMT" time="18.164" errors="0">
  <testcase name="screenshot" time="18.164" classname="screenshot.Capturescreenshot"/>
</testsuite> <!-- screenshot.Capturescreenshot -->
