<?xml version="1.0" encoding="UTF-8"?>
<!-- Generated by org.testng.reporters.JUnitReportReporter -->
<testsuite hostname="Yogesh-PC" name="mousehover.MouseAction" tests="1" failures="0" timestamp="28 Nov 2019 17:16:43 GMT" time="29.761" errors="0">
  <testcase name="Action" time="29.761" classname="mousehover.MouseAction"/>
</testsuite> <!-- mousehover.MouseAction -->
