<?xml version="1.0" encoding="UTF-8"?>
<!-- Generated by org.testng.reporters.JUnitReportReporter -->
<testsuite hostname="Yogesh-PC" name="dropdown.SelectFacebookdropdown2" tests="1" failures="0" timestamp="22 Nov 2019 11:08:48 GMT" time="10.316" errors="0">
  <testcase name="selectDDvalues" time="10.316" classname="dropdown.SelectFacebookdropdown2"/>
</testsuite> <!-- dropdown.SelectFacebookdropdown2 -->
