<?xml version="1.0" encoding="UTF-8"?>
<!-- Generated by org.testng.reporters.JUnitReportReporter -->
<testsuite hostname="Yogesh-PC" name="TestNG.verifyError" tests="1" failures="0" timestamp="20 Nov 2019 11:12:23 GMT" time="21.910" errors="0">
  <testcase name="error" time="21.910" classname="TestNG.verifyError"/>
</testsuite> <!-- TestNG.verifyError -->
