<?xml version="1.0" encoding="UTF-8"?>
<!-- Generated by org.testng.reporters.JUnitReportReporter -->
<testsuite hostname="Yogesh-PC" name="Basic.MyDragAndDrop" tests="1" failures="0" timestamp="19 May 2019 05:23:59 GMT" time="13.752" errors="0">
  <testcase name="test" time="13.752" classname="Basic.MyDragAndDrop"/>
</testsuite> <!-- Basic.MyDragAndDrop -->
