<?xml version="1.0" encoding="UTF-8"?>
<!-- Generated by org.testng.reporters.JUnitReportReporter -->
<testsuite hostname="Yogesh-PC" name="Ataachment.FileAtaachment" tests="1" failures="0" timestamp="28 Nov 2019 11:46:59 GMT" time="22.921" errors="0">
  <testcase name="attach" time="22.921" classname="Ataachment.FileAtaachment"/>
</testsuite> <!-- Ataachment.FileAtaachment -->
