<?xml version="1.0" encoding="UTF-8"?>
<!-- Generated by org.testng.reporters.JUnitReportReporter -->
<testsuite hostname="Yogesh-PC" name="Basic.MyDownload" tests="1" failures="0" timestamp="19 May 2019 05:23:58 GMT" time="33.630" errors="0">
  <testcase name="myDownload" time="33.630" classname="Basic.MyDownload"/>
</testsuite> <!-- Basic.MyDownload -->
