<?xml version="1.0" encoding="UTF-8"?>
<!-- Generated by org.testng.reporters.JUnitReportReporter -->
<testsuite hostname="Yogesh-PC" name="readExcelData.ReadExcelFile" tests="1" failures="0" timestamp="2 Dec 2019 09:21:33 GMT" time="0.771" errors="0">
  <testcase name="Fileread" time="0.771" classname="readExcelData.ReadExcelFile"/>
</testsuite> <!-- readExcelData.ReadExcelFile -->
