<?xml version="1.0" encoding="UTF-8"?>
<!-- Generated by org.testng.reporters.JUnitReportReporter -->
<testsuite hostname="Yogesh-PC" name="Basic.MyExplicitewait" tests="1" failures="0" timestamp="26 Nov 2019 08:53:30 GMT" time="7.894" errors="0">
  <testcase name="test" time="7.894" classname="Basic.MyExplicitewait"/>
</testsuite> <!-- Basic.MyExplicitewait -->
