<?xml version="1.0" encoding="UTF-8"?>
<!-- Generated by org.testng.reporters.JUnitReportReporter -->
<testsuite hostname="Yogesh-PC" name="readExcelData.WriteinExcel" tests="1" failures="0" timestamp="2 Dec 2019 13:26:49 GMT" time="1.193" errors="0">
  <testcase name="write" time="1.193" classname="readExcelData.WriteinExcel"/>
</testsuite> <!-- readExcelData.WriteinExcel -->
