<?xml version="1.0" encoding="UTF-8"?>
<!-- Generated by org.testng.reporters.JUnitReportReporter -->
<testsuite hostname="Yogesh-PC" name="multipleWindow.WindowsAuthentication" tests="1" failures="0" timestamp="1 Dec 2019 08:25:42 GMT" time="10.571" errors="0">
  <testcase name="authenticate" time="10.571" classname="multipleWindow.WindowsAuthentication"/>
</testsuite> <!-- multipleWindow.WindowsAuthentication -->
