<?xml version="1.0" encoding="UTF-8"?>
<!-- Generated by org.testng.reporters.JUnitReportReporter -->
<testsuite hostname="Yogesh-PC" name="baseClass.Login" tests="1" failures="0" timestamp="3 Dec 2019 10:52:01 GMT" time="26.380" errors="0">
  <testcase name="logintoapplication" time="26.380" classname="baseClass.Login"/>
</testsuite> <!-- baseClass.Login -->
