<?xml version="1.0" encoding="UTF-8"?>
<!-- Generated by org.testng.reporters.JUnitReportReporter -->
<testsuite hostname="Yogesh-PC" name="Basic.MyForm1test" tests="1" failures="0" timestamp="19 May 2019 05:23:59 GMT" time="40.217" errors="0">
  <testcase name="testForm" time="40.217" classname="Basic.MyForm1test"/>
</testsuite> <!-- Basic.MyForm1test -->
