<?xml version="1.0" encoding="UTF-8"?>
<!-- Generated by org.testng.reporters.JUnitReportReporter -->
<testsuite hostname="Yogesh-PC" name="dropdown.MyDropdown" tests="1" failures="0" timestamp="23 Nov 2019 14:25:45 GMT" time="13.758" errors="0">
  <testcase name="TestDropdown" time="13.758" classname="dropdown.MyDropdown"/>
</testsuite> <!-- dropdown.MyDropdown -->
