<?xml version="1.0" encoding="UTF-8"?>
<!-- Generated by org.testng.reporters.JUnitReportReporter -->
<testsuite hostname="Yogesh-PC" name="dropdown.BootstrapDropDown2" tests="1" failures="0" timestamp="23 Nov 2019 12:04:35 GMT" time="17.143" errors="0">
  <testcase name="selectDDvalues" time="17.143" classname="dropdown.BootstrapDropDown2"/>
</testsuite> <!-- dropdown.BootstrapDropDown2 -->
