<?xml version="1.0" encoding="UTF-8"?>
<!-- Generated by org.testng.reporters.JUnitReportReporter -->
<testsuite hostname="Yogesh-PC" name="Basic.B20MyTable" tests="1" failures="0" timestamp="30 Nov 2019 14:35:17 GMT" time="12.165" errors="0">
  <testcase name="testTableValues" time="12.165" classname="Basic.B20MyTable"/>
</testsuite> <!-- Basic.B20MyTable -->
